<?xml version="1.0" encoding="UTF-8"?>
<!-- Generated by org.testng.reporters.JUnitXMLReporter -->
<testsuite ignored="0" hostname="DESKTOP-CRR22JH" failures="3" tests="6" name="Test" time="39.545" errors="0" timestamp="2024-11-09T12:33:17 IST">
  <testcase classname="testCases.TC001_LoginPageTest" name="verifyLOgin" time="6.013"/>
  <testcase classname="testCases.TC001_LoginPageTest" name="verifyLOgin" time="2.841">
    <failure type="java.lang.AssertionError" message="Error During Login: Invalid username/password. Please try again.">
      <![CDATA[java.lang.AssertionError: Error During Login: Invalid username/password. Please try again.
at testCases.TC001_LoginPageTest.verifyLOgin(TC001_LoginPageTest.java:57)
at java.base/java.util.ArrayList.forEach(ArrayList.java:1597)
... Removed 26 stack frames]]>
    </failure>
  </testcase> <!-- verifyLOgin -->
  <testcase classname="testCases.TC001_LoginPageTest" name="verifyLOgin" time="4.79"/>
  <testcase classname="testCases.TC001_LoginPageTest" name="verifyLOgin" time="5.053"/>
  <testcase classname="testCases.TC001_LoginPageTest" name="verifyLOgin" time="2.673">
    <failure type="java.lang.AssertionError" message="Error During Login: Invalid username/password. Please try again.">
      <![CDATA[java.lang.AssertionError: Error During Login: Invalid username/password. Please try again.
at testCases.TC001_LoginPageTest.verifyLOgin(TC001_LoginPageTest.java:57)
at java.base/java.util.ArrayList.forEach(ArrayList.java:1597)
... Removed 26 stack frames]]>
    </failure>
  </testcase> <!-- verifyLOgin -->
  <testcase classname="testCases.TC001_LoginPageTest" name="verifyLOgin" time="2.149">
    <failure type="java.lang.AssertionError" message="Error During Login: Invalid username/password. Please try again.">
      <![CDATA[java.lang.AssertionError: Error During Login: Invalid username/password. Please try again.
at testCases.TC001_LoginPageTest.verifyLOgin(TC001_LoginPageTest.java:57)
at java.base/java.util.ArrayList.forEach(ArrayList.java:1597)
... Removed 26 stack frames]]>
    </failure>
  </testcase> <!-- verifyLOgin -->
</testsuite> <!-- Test -->
